C:\USERS\EMILY\DOCUMENTS\VISUAL STUDIO 2010\PROJECTS\PF_OCR\PF_OCR\RELEASE\.NETFRAMEWORK,VERSION=V4.0.ASSEMBLYATTRIBUTES.OBJ
C:\USERS\EMILY\DOCUMENTS\VISUAL STUDIO 2010\PROJECTS\PF_OCR\PF_OCR\RELEASE\APP.RES
C:\USERS\EMILY\DOCUMENTS\VISUAL STUDIO 2010\PROJECTS\PF_OCR\PF_OCR\RELEASE\ASSEMBLYINFO.OBJ
C:\Users\Emily\Documents\Visual Studio 2010\Projects\pf_ocr\pf_ocr\Release\cl.command.1.tlog
C:\Users\Emily\Documents\Visual Studio 2010\Projects\pf_ocr\pf_ocr\Release\CL.read.1.tlog
C:\Users\Emily\Documents\Visual Studio 2010\Projects\pf_ocr\pf_ocr\Release\CL.write.1.tlog
C:\Users\Emily\Documents\Visual Studio 2010\Projects\pf_ocr\pf_ocr\Release\GenerateResource.read.64.tlog
C:\Users\Emily\Documents\Visual Studio 2010\Projects\pf_ocr\pf_ocr\Release\GenerateResource.read.91.tlog
C:\Users\Emily\Documents\Visual Studio 2010\Projects\pf_ocr\pf_ocr\Release\GenerateResource.write.64.tlog
C:\Users\Emily\Documents\Visual Studio 2010\Projects\pf_ocr\pf_ocr\Release\GenerateResource.write.91.tlog
C:\Users\Emily\Documents\Visual Studio 2010\Projects\pf_ocr\pf_ocr\Release\link.command.1.tlog
C:\Users\Emily\Documents\Visual Studio 2010\Projects\pf_ocr\pf_ocr\Release\link.read.1.tlog
C:\Users\Emily\Documents\Visual Studio 2010\Projects\pf_ocr\pf_ocr\Release\link.write.1.tlog
C:\Users\Emily\Documents\Visual Studio 2010\Projects\pf_ocr\pf_ocr\Release\link-cvtres.read.1.tlog
C:\Users\Emily\Documents\Visual Studio 2010\Projects\pf_ocr\pf_ocr\Release\link-cvtres.write.1.tlog
C:\Users\Emily\Documents\Visual Studio 2010\Projects\pf_ocr\pf_ocr\Release\mt.command.1.tlog
C:\Users\Emily\Documents\Visual Studio 2010\Projects\pf_ocr\pf_ocr\Release\mt.read.1.tlog
C:\Users\Emily\Documents\Visual Studio 2010\Projects\pf_ocr\pf_ocr\Release\mt.write.1.tlog
C:\USERS\EMILY\DOCUMENTS\VISUAL STUDIO 2010\PROJECTS\PF_OCR\PF_OCR\RELEASE\PF_OCR.EXE.INTERMEDIATE.MANIFEST
C:\USERS\EMILY\DOCUMENTS\VISUAL STUDIO 2010\PROJECTS\PF_OCR\PF_OCR\RELEASE\PF_OCR.FORM1.RESOURCES
C:\USERS\EMILY\DOCUMENTS\VISUAL STUDIO 2010\PROJECTS\PF_OCR\PF_OCR\RELEASE\PF_OCR.OBJ
C:\USERS\EMILY\DOCUMENTS\VISUAL STUDIO 2010\PROJECTS\PF_OCR\PF_OCR\RELEASE\PF_OCR.PCH
C:\Users\Emily\Documents\Visual Studio 2010\Projects\pf_ocr\pf_ocr\Release\pf_ocr.write.1.tlog
C:\Users\Emily\Documents\Visual Studio 2010\Projects\pf_ocr\pf_ocr\Release\rc.command.1.tlog
C:\Users\Emily\Documents\Visual Studio 2010\Projects\pf_ocr\pf_ocr\Release\rc.read.1.tlog
C:\Users\Emily\Documents\Visual Studio 2010\Projects\pf_ocr\pf_ocr\Release\rc.write.1.tlog
C:\USERS\EMILY\DOCUMENTS\VISUAL STUDIO 2010\PROJECTS\PF_OCR\PF_OCR\RELEASE\STDAFX.OBJ
C:\USERS\EMILY\DOCUMENTS\VISUAL STUDIO 2010\PROJECTS\PF_OCR\PF_OCR\RELEASE\VC100.PDB
C:\USERS\EMILY\DOCUMENTS\VISUAL STUDIO 2010\PROJECTS\PF_OCR\RELEASE\PF_OCR.EXE
C:\USERS\EMILY\DOCUMENTS\VISUAL STUDIO 2010\PROJECTS\PF_OCR\RELEASE\PF_OCR.PDB
