Build started 15/11/2013 1:15:57.
     1>Project "C:\Users\Emily\Documents\Visual Studio 2010\Projects\pf_ocr\pf_ocr\pf_ocr.vcxproj" on node 2 (build target(s)).
     1>InitializeBuildStatus:
         Creating "Release\pf_ocr.unsuccessfulbuild" because "AlwaysCreate" was specified.
       GenerateTargetFrameworkMonikerAttribute:
       Skipping target "GenerateTargetFrameworkMonikerAttribute" because all output files are up-to-date with respect to the input files.
       ClCompile:
         All outputs are up-to-date.
         All outputs are up-to-date.
         All outputs are up-to-date.
       CoreResGen:
         All outputs are up-to-date.
       ResourceCompile:
         All outputs are up-to-date.
       Link:
         All outputs are up-to-date.
         pf_ocr.vcxproj -> C:\Users\Emily\Documents\Visual Studio 2010\Projects\pf_ocr\Release\pf_ocr.exe
       FinalizeBuildStatus:
         Deleting file "Release\pf_ocr.unsuccessfulbuild".
         Touching "Release\pf_ocr.lastbuildstate".
     1>Done Building Project "C:\Users\Emily\Documents\Visual Studio 2010\Projects\pf_ocr\pf_ocr\pf_ocr.vcxproj" (build target(s)).

Build succeeded.

Time Elapsed 00:00:00.14
